# JRE version: Java(TM) SE Runtime Environment (10.0.2+13) (build 10.0.2+13)
# Java VM: Java HotSpot(TM) 64-Bit Server VM (10.0.2+13, mixed mode, tiered, compressed oops, g1 gc, windows-amd64)
Heap:
 garbage-first heap   total 65536K, used 38230K [0x00000000c1600000, 0x0000000100000000)
  region size 1024K, 38 young (38912K), 2 survivors (2048K)
 Metaspace       used 8722K, capacity 8885K, committed 9088K, reserved 1056768K
  class space    used 796K, capacity 856K, committed 896K, reserved 1048576K
GC Heap History (10 events):
Event: 56.978 GC heap after
{Heap after GC invocations=1 (full 0):
 garbage-first heap   total 65536K, used 1289K [0x00000000c1600000, 0x0000000100000000)
  region size 1024K, 2 young (2048K), 2 survivors (2048K)
 Metaspace       used 8233K, capacity 8437K, committed 8576K, reserved 1056768K
  class space    used 787K, capacity 856K, committed 896K, reserved 1048576K
}
Event: 150.313 GC heap before
{Heap before GC invocations=1 (full 0):
 garbage-first heap   total 65536K, used 38153K [0x00000000c1600000, 0x0000000100000000)
  region size 1024K, 38 young (38912K), 2 survivors (2048K)
 Metaspace       used 8362K, capacity 8565K, committed 8832K, reserved 1056768K
  class space    used 789K, capacity 856K, committed 896K, reserved 1048576K
}
Event: 150.316 GC heap after
{Heap after GC invocations=2 (full 0):
 garbage-first heap   total 65536K, used 1324K [0x00000000c1600000, 0x0000000100000000)
  region size 1024K, 2 young (2048K), 2 survivors (2048K)
 Metaspace       used 8362K, capacity 8565K, committed 8832K, reserved 1056768K
  class space    used 789K, capacity 856K, committed 896K, reserved 1048576K
}
Event: 245.069 GC heap before
{Heap before GC invocations=2 (full 0):
 garbage-first heap   total 65536K, used 38188K [0x00000000c1600000, 0x0000000100000000)
  region size 1024K, 38 young (38912K), 2 survivors (2048K)
 Metaspace       used 8468K, capacity 8629K, committed 8832K, reserved 1056768K
  class space    used 791K, capacity 856K, committed 896K, reserved 1048576K
}
Event: 245.071 GC heap after
{Heap after GC invocations=3 (full 0):
 garbage-first heap   total 65536K, used 1423K [0x00000000c1600000, 0x0000000100000000)
  region size 1024K, 2 young (2048K), 2 survivors (2048K)
 Metaspace       used 8468K, capacity 8629K, committed 8832K, reserved 1056768K
  class space    used 791K, capacity 856K, committed 896K, reserved 1048576K
}
Event: 339.381 GC heap before
{Heap before GC invocations=3 (full 0):
 garbage-first heap   total 65536K, used 38287K [0x00000000c1600000, 0x0000000100000000)
  region size 1024K, 38 young (38912K), 2 survivors (2048K)
 Metaspace       used 8558K, capacity 8757K, committed 8832K, reserved 1056768K
  class space    used 792K, capacity 856K, committed 896K, reserved 1048576K
}
Event: 339.384 GC heap after
{Heap after GC invocations=4 (full 0):
 garbage-first heap   total 65536K, used 1424K [0x00000000c1600000, 0x0000000100000000)
  region size 1024K, 2 young (2048K), 2 survivors (2048K)
 Metaspace       used 8558K, capacity 8757K, committed 8832K, reserved 1056768K
  class space    used 792K, capacity 856K, committed 896K, reserved 1048576K
}
Event: 434.430 GC heap before
{Heap before GC invocations=4 (full 0):
 garbage-first heap   total 65536K, used 38288K [0x00000000c1600000, 0x0000000100000000)
  region size 1024K, 38 young (38912K), 2 survivors (2048K)
 Metaspace       used 8605K, capacity 8757K, committed 8832K, reserved 1056768K
  class space    used 793K, capacity 856K, committed 896K, reserved 1048576K
}
Event: 434.433 GC heap after
{Heap after GC invocations=5 (full 0):
 garbage-first heap   total 65536K, used 1366K [0x00000000c1600000, 0x0000000100000000)
  region size 1024K, 2 young (2048K), 2 survivors (2048K)
 Metaspace       used 8605K, capacity 8757K, committed 8832K, reserved 1056768K
  class space    used 793K, capacity 856K, committed 896K, reserved 1048576K
}
Event: 531.164 GC heap before
{Heap before GC invocations=5 (full 0):
 garbage-first heap   total 65536K, used 38230K [0x00000000c1600000, 0x0000000100000000)
  region size 1024K, 38 young (38912K), 2 survivors (2048K)
 Metaspace       used 8722K, capacity 8885K, committed 9088K, reserved 1056768K
  class space    used 796K, capacity 856K, committed 896K, reserved 1048576K
}

